Not Found: /favicon.ico
Not Found: /favicon.ico
Initialising storage backend with storage module name [None]
Running _get_storage_backend with fq_classname [None]
Upload temp directory from top level settings: </Users/a0014208/Documents/GitHub/School-Forum/filepond_uploads>
Filepond app init: Temporary file upload directory already exists
App init: no django-storages backend configured, using default (local) storage backend if set, otherwise you need to manage file storage independently of this app.
Filepond app init: File store path already exists
Initialising storage backend with storage module name [None]
Running _get_storage_backend with fq_classname [None]
Upload temp directory from top level settings: </Users/a0014208/Documents/GitHub/School-Forum/filepond_uploads>
Filepond app init: Temporary file upload directory already exists
App init: no django-storages backend configured, using default (local) storage backend if set, otherwise you need to manage file storage independently of this app.
Filepond app init: File store path already exists
Watching for file changes with StatReloader
Initialising storage backend with storage module name [None]
Running _get_storage_backend with fq_classname [None]
/Users/a0014208/Documents/GitHub/School-Forum/forum/models.py changed, reloading.
Initialising storage backend with storage module name [None]
Running _get_storage_backend with fq_classname [None]
Upload temp directory from top level settings: </Users/a0014208/Documents/GitHub/School-Forum/filepond_uploads>
Filepond app init: Temporary file upload directory already exists
App init: no django-storages backend configured, using default (local) storage backend if set, otherwise you need to manage file storage independently of this app.
Filepond app init: File store path already exists
Watching for file changes with StatReloader
Initialising storage backend with storage module name [None]
Running _get_storage_backend with fq_classname [None]
/Users/a0014208/Documents/GitHub/School-Forum/forum/models.py changed, reloading.
Initialising storage backend with storage module name [None]
Running _get_storage_backend with fq_classname [None]
Upload temp directory from top level settings: </Users/a0014208/Documents/GitHub/School-Forum/filepond_uploads>
Filepond app init: Temporary file upload directory already exists
App init: no django-storages backend configured, using default (local) storage backend if set, otherwise you need to manage file storage independently of this app.
Filepond app init: File store path already exists
Watching for file changes with StatReloader
Initialising storage backend with storage module name [None]
Running _get_storage_backend with fq_classname [None]
/Users/a0014208/Documents/GitHub/School-Forum/forum/views.py changed, reloading.
Initialising storage backend with storage module name [None]
Running _get_storage_backend with fq_classname [None]
Upload temp directory from top level settings: </Users/a0014208/Documents/GitHub/School-Forum/filepond_uploads>
Filepond app init: Temporary file upload directory already exists
App init: no django-storages backend configured, using default (local) storage backend if set, otherwise you need to manage file storage independently of this app.
Filepond app init: File store path already exists
Watching for file changes with StatReloader
Initialising storage backend with storage module name [None]
Running _get_storage_backend with fq_classname [None]
/Users/a0014208/Documents/GitHub/School-Forum/student_forum/urls.py changed, reloading.
Initialising storage backend with storage module name [None]
Running _get_storage_backend with fq_classname [None]
Upload temp directory from top level settings: </Users/a0014208/Documents/GitHub/School-Forum/filepond_uploads>
Filepond app init: Temporary file upload directory already exists
App init: no django-storages backend configured, using default (local) storage backend if set, otherwise you need to manage file storage independently of this app.
Filepond app init: File store path already exists
Watching for file changes with StatReloader
Initialising storage backend with storage module name [None]
Running _get_storage_backend with fq_classname [None]
Internal Server Error: /post/44/
Traceback (most recent call last):
  File "/Users/a0014208/Documents/GitHub/School-Forum/venv/lib/python3.9/site-packages/django/core/handlers/exception.py", line 55, in inner
    response = get_response(request)
  File "/Users/a0014208/Documents/GitHub/School-Forum/venv/lib/python3.9/site-packages/django/core/handlers/base.py", line 197, in _get_response
    response = wrapped_callback(request, *callback_args, **callback_kwargs)
  File "/Users/a0014208/Documents/GitHub/School-Forum/venv/lib/python3.9/site-packages/django/contrib/auth/decorators.py", line 23, in _wrapper_view
    return view_func(request, *args, **kwargs)
  File "/Users/a0014208/Documents/GitHub/School-Forum/forum/views.py", line 110, in post_detail
    return render(request, 'forum/post_detail.html', {
  File "/Users/a0014208/Documents/GitHub/School-Forum/venv/lib/python3.9/site-packages/django/shortcuts.py", line 24, in render
    content = loader.render_to_string(template_name, context, request, using=using)
  File "/Users/a0014208/Documents/GitHub/School-Forum/venv/lib/python3.9/site-packages/django/template/loader.py", line 61, in render_to_string
    template = get_template(template_name, using=using)
  File "/Users/a0014208/Documents/GitHub/School-Forum/venv/lib/python3.9/site-packages/django/template/loader.py", line 15, in get_template
    return engine.get_template(template_name)
  File "/Users/a0014208/Documents/GitHub/School-Forum/venv/lib/python3.9/site-packages/django/template/backends/django.py", line 33, in get_template
    return Template(self.engine.get_template(template_name), self)
  File "/Users/a0014208/Documents/GitHub/School-Forum/venv/lib/python3.9/site-packages/django/template/engine.py", line 175, in get_template
    template, origin = self.find_template(template_name)
  File "/Users/a0014208/Documents/GitHub/School-Forum/venv/lib/python3.9/site-packages/django/template/engine.py", line 157, in find_template
    template = loader.get_template(name, skip=skip)
  File "/Users/a0014208/Documents/GitHub/School-Forum/venv/lib/python3.9/site-packages/django/template/loaders/cached.py", line 57, in get_template
    template = super().get_template(template_name, skip)
  File "/Users/a0014208/Documents/GitHub/School-Forum/venv/lib/python3.9/site-packages/django/template/loaders/base.py", line 28, in get_template
    return Template(
  File "/Users/a0014208/Documents/GitHub/School-Forum/venv/lib/python3.9/site-packages/django/template/base.py", line 154, in __init__
    self.nodelist = self.compile_nodelist()
  File "/Users/a0014208/Documents/GitHub/School-Forum/venv/lib/python3.9/site-packages/django/template/base.py", line 200, in compile_nodelist
    return parser.parse()
  File "/Users/a0014208/Documents/GitHub/School-Forum/venv/lib/python3.9/site-packages/django/template/base.py", line 513, in parse
    raise self.error(token, e)
  File "/Users/a0014208/Documents/GitHub/School-Forum/venv/lib/python3.9/site-packages/django/template/base.py", line 511, in parse
    compiled_result = compile_func(self, token)
  File "/Users/a0014208/Documents/GitHub/School-Forum/venv/lib/python3.9/site-packages/django/template/loader_tags.py", line 293, in do_extends
    nodelist = parser.parse()
  File "/Users/a0014208/Documents/GitHub/School-Forum/venv/lib/python3.9/site-packages/django/template/base.py", line 513, in parse
    raise self.error(token, e)
  File "/Users/a0014208/Documents/GitHub/School-Forum/venv/lib/python3.9/site-packages/django/template/base.py", line 511, in parse
    compiled_result = compile_func(self, token)
  File "/Users/a0014208/Documents/GitHub/School-Forum/venv/lib/python3.9/site-packages/django/template/loader_tags.py", line 232, in do_block
    nodelist = parser.parse(("endblock",))
  File "/Users/a0014208/Documents/GitHub/School-Forum/venv/lib/python3.9/site-packages/django/template/base.py", line 484, in parse
    raise self.error(token, e)
  File "/Users/a0014208/Documents/GitHub/School-Forum/venv/lib/python3.9/site-packages/django/template/base.py", line 482, in parse
    filter_expression = self.compile_filter(token.contents)
  File "/Users/a0014208/Documents/GitHub/School-Forum/venv/lib/python3.9/site-packages/django/template/base.py", line 600, in compile_filter
    return FilterExpression(token, self)
  File "/Users/a0014208/Documents/GitHub/School-Forum/venv/lib/python3.9/site-packages/django/template/base.py", line 703, in __init__
    raise TemplateSyntaxError(
django.template.exceptions.TemplateSyntaxError: Could not parse the remainder: '(post=post).exists' from 'request.user.saved_posts.filter(post=post).exists'
/Users/a0014208/Documents/GitHub/School-Forum/forum/views.py changed, reloading.
Initialising storage backend with storage module name [None]
Running _get_storage_backend with fq_classname [None]
Upload temp directory from top level settings: </Users/a0014208/Documents/GitHub/School-Forum/filepond_uploads>
Filepond app init: Temporary file upload directory already exists
App init: no django-storages backend configured, using default (local) storage backend if set, otherwise you need to manage file storage independently of this app.
Filepond app init: File store path already exists
Watching for file changes with StatReloader
Initialising storage backend with storage module name [None]
Running _get_storage_backend with fq_classname [None]
Initialising storage backend with storage module name [None]
Running _get_storage_backend with fq_classname [None]
Upload temp directory from top level settings: </Users/a0014208/Documents/GitHub/School-Forum/filepond_uploads>
Filepond app init: Temporary file upload directory already exists
App init: no django-storages backend configured, using default (local) storage backend if set, otherwise you need to manage file storage independently of this app.
Filepond app init: File store path already exists
Initialising storage backend with storage module name [None]
Running _get_storage_backend with fq_classname [None]
Initialising storage backend with storage module name [None]
Running _get_storage_backend with fq_classname [None]
Upload temp directory from top level settings: </Users/a0014208/Documents/GitHub/School-Forum/filepond_uploads>
Filepond app init: Temporary file upload directory already exists
App init: no django-storages backend configured, using default (local) storage backend if set, otherwise you need to manage file storage independently of this app.
Filepond app init: File store path already exists
Initialising storage backend with storage module name [None]
Running _get_storage_backend with fq_classname [None]
Initialising storage backend with storage module name [None]
Running _get_storage_backend with fq_classname [None]
Upload temp directory from top level settings: </Users/a0014208/Documents/GitHub/School-Forum/filepond_uploads>
Filepond app init: Temporary file upload directory already exists
App init: no django-storages backend configured, using default (local) storage backend if set, otherwise you need to manage file storage independently of this app.
Filepond app init: File store path already exists
Initialising storage backend with storage module name [None]
Running _get_storage_backend with fq_classname [None]
Upload temp directory from top level settings: </Users/a0014208/Documents/GitHub/School-Forum/filepond_uploads>
Filepond app init: Temporary file upload directory already exists
App init: no django-storages backend configured, using default (local) storage backend if set, otherwise you need to manage file storage independently of this app.
Filepond app init: File store path already exists
Watching for file changes with StatReloader
Initialising storage backend with storage module name [None]
Running _get_storage_backend with fq_classname [None]
Internal Server Error: /post/44/
Traceback (most recent call last):
  File "/Users/a0014208/Documents/GitHub/School-Forum/venv/lib/python3.9/site-packages/django/core/handlers/exception.py", line 55, in inner
    response = get_response(request)
  File "/Users/a0014208/Documents/GitHub/School-Forum/venv/lib/python3.9/site-packages/django/core/handlers/base.py", line 197, in _get_response
    response = wrapped_callback(request, *callback_args, **callback_kwargs)
  File "/Users/a0014208/Documents/GitHub/School-Forum/venv/lib/python3.9/site-packages/django/contrib/auth/decorators.py", line 23, in _wrapper_view
    return view_func(request, *args, **kwargs)
  File "/Users/a0014208/Documents/GitHub/School-Forum/forum/views.py", line 110, in post_detail
    return render(request, 'forum/post_detail.html', {
  File "/Users/a0014208/Documents/GitHub/School-Forum/venv/lib/python3.9/site-packages/django/shortcuts.py", line 24, in render
    content = loader.render_to_string(template_name, context, request, using=using)
  File "/Users/a0014208/Documents/GitHub/School-Forum/venv/lib/python3.9/site-packages/django/template/loader.py", line 61, in render_to_string
    template = get_template(template_name, using=using)
  File "/Users/a0014208/Documents/GitHub/School-Forum/venv/lib/python3.9/site-packages/django/template/loader.py", line 15, in get_template
    return engine.get_template(template_name)
  File "/Users/a0014208/Documents/GitHub/School-Forum/venv/lib/python3.9/site-packages/django/template/backends/django.py", line 33, in get_template
    return Template(self.engine.get_template(template_name), self)
  File "/Users/a0014208/Documents/GitHub/School-Forum/venv/lib/python3.9/site-packages/django/template/engine.py", line 175, in get_template
    template, origin = self.find_template(template_name)
  File "/Users/a0014208/Documents/GitHub/School-Forum/venv/lib/python3.9/site-packages/django/template/engine.py", line 157, in find_template
    template = loader.get_template(name, skip=skip)
  File "/Users/a0014208/Documents/GitHub/School-Forum/venv/lib/python3.9/site-packages/django/template/loaders/cached.py", line 57, in get_template
    template = super().get_template(template_name, skip)
  File "/Users/a0014208/Documents/GitHub/School-Forum/venv/lib/python3.9/site-packages/django/template/loaders/base.py", line 28, in get_template
    return Template(
  File "/Users/a0014208/Documents/GitHub/School-Forum/venv/lib/python3.9/site-packages/django/template/base.py", line 154, in __init__
    self.nodelist = self.compile_nodelist()
  File "/Users/a0014208/Documents/GitHub/School-Forum/venv/lib/python3.9/site-packages/django/template/base.py", line 200, in compile_nodelist
    return parser.parse()
  File "/Users/a0014208/Documents/GitHub/School-Forum/venv/lib/python3.9/site-packages/django/template/base.py", line 513, in parse
    raise self.error(token, e)
  File "/Users/a0014208/Documents/GitHub/School-Forum/venv/lib/python3.9/site-packages/django/template/base.py", line 511, in parse
    compiled_result = compile_func(self, token)
  File "/Users/a0014208/Documents/GitHub/School-Forum/venv/lib/python3.9/site-packages/django/template/loader_tags.py", line 293, in do_extends
    nodelist = parser.parse()
  File "/Users/a0014208/Documents/GitHub/School-Forum/venv/lib/python3.9/site-packages/django/template/base.py", line 513, in parse
    raise self.error(token, e)
  File "/Users/a0014208/Documents/GitHub/School-Forum/venv/lib/python3.9/site-packages/django/template/base.py", line 511, in parse
    compiled_result = compile_func(self, token)
  File "/Users/a0014208/Documents/GitHub/School-Forum/venv/lib/python3.9/site-packages/django/template/loader_tags.py", line 232, in do_block
    nodelist = parser.parse(("endblock",))
  File "/Users/a0014208/Documents/GitHub/School-Forum/venv/lib/python3.9/site-packages/django/template/base.py", line 484, in parse
    raise self.error(token, e)
  File "/Users/a0014208/Documents/GitHub/School-Forum/venv/lib/python3.9/site-packages/django/template/base.py", line 482, in parse
    filter_expression = self.compile_filter(token.contents)
  File "/Users/a0014208/Documents/GitHub/School-Forum/venv/lib/python3.9/site-packages/django/template/base.py", line 600, in compile_filter
    return FilterExpression(token, self)
  File "/Users/a0014208/Documents/GitHub/School-Forum/venv/lib/python3.9/site-packages/django/template/base.py", line 703, in __init__
    raise TemplateSyntaxError(
django.template.exceptions.TemplateSyntaxError: Could not parse the remainder: '(post=post).exists' from 'request.user.saved_posts.filter(post=post).exists'
Internal Server Error: /post/44/
Traceback (most recent call last):
  File "/Users/a0014208/Documents/GitHub/School-Forum/venv/lib/python3.9/site-packages/django/core/handlers/exception.py", line 55, in inner
    response = get_response(request)
  File "/Users/a0014208/Documents/GitHub/School-Forum/venv/lib/python3.9/site-packages/django/core/handlers/base.py", line 197, in _get_response
    response = wrapped_callback(request, *callback_args, **callback_kwargs)
  File "/Users/a0014208/Documents/GitHub/School-Forum/venv/lib/python3.9/site-packages/django/contrib/auth/decorators.py", line 23, in _wrapper_view
    return view_func(request, *args, **kwargs)
  File "/Users/a0014208/Documents/GitHub/School-Forum/forum/views.py", line 110, in post_detail
    return render(request, 'forum/post_detail.html', {
  File "/Users/a0014208/Documents/GitHub/School-Forum/venv/lib/python3.9/site-packages/django/shortcuts.py", line 24, in render
    content = loader.render_to_string(template_name, context, request, using=using)
  File "/Users/a0014208/Documents/GitHub/School-Forum/venv/lib/python3.9/site-packages/django/template/loader.py", line 61, in render_to_string
    template = get_template(template_name, using=using)
  File "/Users/a0014208/Documents/GitHub/School-Forum/venv/lib/python3.9/site-packages/django/template/loader.py", line 15, in get_template
    return engine.get_template(template_name)
  File "/Users/a0014208/Documents/GitHub/School-Forum/venv/lib/python3.9/site-packages/django/template/backends/django.py", line 33, in get_template
    return Template(self.engine.get_template(template_name), self)
  File "/Users/a0014208/Documents/GitHub/School-Forum/venv/lib/python3.9/site-packages/django/template/engine.py", line 175, in get_template
    template, origin = self.find_template(template_name)
  File "/Users/a0014208/Documents/GitHub/School-Forum/venv/lib/python3.9/site-packages/django/template/engine.py", line 157, in find_template
    template = loader.get_template(name, skip=skip)
  File "/Users/a0014208/Documents/GitHub/School-Forum/venv/lib/python3.9/site-packages/django/template/loaders/cached.py", line 57, in get_template
    template = super().get_template(template_name, skip)
  File "/Users/a0014208/Documents/GitHub/School-Forum/venv/lib/python3.9/site-packages/django/template/loaders/base.py", line 28, in get_template
    return Template(
  File "/Users/a0014208/Documents/GitHub/School-Forum/venv/lib/python3.9/site-packages/django/template/base.py", line 154, in __init__
    self.nodelist = self.compile_nodelist()
  File "/Users/a0014208/Documents/GitHub/School-Forum/venv/lib/python3.9/site-packages/django/template/base.py", line 200, in compile_nodelist
    return parser.parse()
  File "/Users/a0014208/Documents/GitHub/School-Forum/venv/lib/python3.9/site-packages/django/template/base.py", line 513, in parse
    raise self.error(token, e)
  File "/Users/a0014208/Documents/GitHub/School-Forum/venv/lib/python3.9/site-packages/django/template/base.py", line 511, in parse
    compiled_result = compile_func(self, token)
  File "/Users/a0014208/Documents/GitHub/School-Forum/venv/lib/python3.9/site-packages/django/template/loader_tags.py", line 293, in do_extends
    nodelist = parser.parse()
  File "/Users/a0014208/Documents/GitHub/School-Forum/venv/lib/python3.9/site-packages/django/template/base.py", line 513, in parse
    raise self.error(token, e)
  File "/Users/a0014208/Documents/GitHub/School-Forum/venv/lib/python3.9/site-packages/django/template/base.py", line 511, in parse
    compiled_result = compile_func(self, token)
  File "/Users/a0014208/Documents/GitHub/School-Forum/venv/lib/python3.9/site-packages/django/template/loader_tags.py", line 232, in do_block
    nodelist = parser.parse(("endblock",))
  File "/Users/a0014208/Documents/GitHub/School-Forum/venv/lib/python3.9/site-packages/django/template/base.py", line 484, in parse
    raise self.error(token, e)
  File "/Users/a0014208/Documents/GitHub/School-Forum/venv/lib/python3.9/site-packages/django/template/base.py", line 482, in parse
    filter_expression = self.compile_filter(token.contents)
  File "/Users/a0014208/Documents/GitHub/School-Forum/venv/lib/python3.9/site-packages/django/template/base.py", line 600, in compile_filter
    return FilterExpression(token, self)
  File "/Users/a0014208/Documents/GitHub/School-Forum/venv/lib/python3.9/site-packages/django/template/base.py", line 703, in __init__
    raise TemplateSyntaxError(
django.template.exceptions.TemplateSyntaxError: Could not parse the remainder: '(post=post).exists' from 'request.user.saved_posts.filter(post=post).exists'
/Users/a0014208/Documents/GitHub/School-Forum/forum/views.py changed, reloading.
Initialising storage backend with storage module name [None]
Running _get_storage_backend with fq_classname [None]
Upload temp directory from top level settings: </Users/a0014208/Documents/GitHub/School-Forum/filepond_uploads>
Filepond app init: Temporary file upload directory already exists
App init: no django-storages backend configured, using default (local) storage backend if set, otherwise you need to manage file storage independently of this app.
Filepond app init: File store path already exists
Watching for file changes with StatReloader
Initialising storage backend with storage module name [None]
Running _get_storage_backend with fq_classname [None]
/Users/a0014208/Documents/GitHub/School-Forum/forum/admin.py changed, reloading.
Initialising storage backend with storage module name [None]
Running _get_storage_backend with fq_classname [None]
Upload temp directory from top level settings: </Users/a0014208/Documents/GitHub/School-Forum/filepond_uploads>
Filepond app init: Temporary file upload directory already exists
App init: no django-storages backend configured, using default (local) storage backend if set, otherwise you need to manage file storage independently of this app.
Filepond app init: File store path already exists
Watching for file changes with StatReloader
Initialising storage backend with storage module name [None]
Running _get_storage_backend with fq_classname [None]
Not Found: /favicon.ico
Not Found: /favicon.ico
Not Found: /favicon.ico
Not Found: /favicon.ico
/Users/a0014208/Documents/GitHub/School-Forum/forum/views.py changed, reloading.
Initialising storage backend with storage module name [None]
Running _get_storage_backend with fq_classname [None]
Upload temp directory from top level settings: </Users/a0014208/Documents/GitHub/School-Forum/filepond_uploads>
Filepond app init: Temporary file upload directory already exists
App init: no django-storages backend configured, using default (local) storage backend if set, otherwise you need to manage file storage independently of this app.
Filepond app init: File store path already exists
Watching for file changes with StatReloader
Initialising storage backend with storage module name [None]
Running _get_storage_backend with fq_classname [None]
